<?xml version="1.0" encoding="UTF-8"?>
<!-- Generated by org.testng.reporters.JUnitReportReporter -->
<testsuite hostname="Sayan" failures="0" tests="3" name="com.testbot.testcases.dockerSeleniumTest" time="54.818" errors="0" timestamp="15 Jan 2025 15:46:40 GMT" skipped="0">
  <testcase classname="com.testbot.testcases.dockerSeleniumTest" name="linkedInOnFirefoxTest" time="11.397"/>
  <testcase classname="com.testbot.testcases.dockerSeleniumTest" name="linkedInOnFirefoxTest" time="26.775"/>
  <testcase classname="com.testbot.testcases.dockerSeleniumTest" name="linkedInOnFirefoxTest" time="16.646"/>
</testsuite> <!-- com.testbot.testcases.dockerSeleniumTest -->
