<?xml version="1.0" encoding="UTF-8"?>
<!-- Generated by org.testng.reporters.JUnitReportReporter -->
<testsuite hostname="Sayan" failures="0" tests="3" name="com.testbot.testcases.dockerSeleniumTest" time="43.679" errors="0" timestamp="11 Jan 2025 14:44:53 GMT" skipped="0">
  <testcase classname="com.testbot.testcases.dockerSeleniumTest" name="linkedInOnFirefoxTest" time="11.642"/>
  <testcase classname="com.testbot.testcases.dockerSeleniumTest" name="linkedInOnFirefoxTest" time="19.478"/>
  <testcase classname="com.testbot.testcases.dockerSeleniumTest" name="linkedInOnFirefoxTest" time="12.559"/>
</testsuite> <!-- com.testbot.testcases.dockerSeleniumTest -->
